<?xml version="1.0" encoding="UTF-8"?>
<testng-results skipped="0" failed="0" total="1" passed="1">
  <reporter-output>
  </reporter-output>
  <suite name="Default Suite" duration-ms="13" started-at="2020-04-21T03:50:45Z" finished-at="2020-04-21T03:50:45Z">
    <groups>
    </groups>
    <test name="MavenDemo" duration-ms="13" started-at="2020-04-21T03:50:45Z" finished-at="2020-04-21T03:50:45Z">
      <class name="TestNg">
        <test-method status="PASS" signature="setup()[pri:0, instance:TestNg@1fe5c6f]" name="setup" duration-ms="6" started-at="2020-04-20T23:50:45Z" finished-at="2020-04-20T23:50:45Z">
          <reporter-output>
          </reporter-output>
        </test-method> <!-- setup -->
      </class> <!-- TestNg -->
    </test> <!-- MavenDemo -->
  </suite> <!-- Default Suite -->
</testng-results>
